[13-Mar-2018 12:25:40 America/New_York] PHP Warning:  require_once(/home/morion/Documents/Development/Software/Web/Clabki2/clabki/server/vendor/autoload.php): failed to open stream: No such file or directory in /home/morion/Documents/Development/Software/Web/Clabki2/clabki/server/register.php on line 7
[13-Mar-2018 12:25:40 America/New_York] PHP Fatal error:  require_once(): Failed opening required '/home/morion/Documents/Development/Software/Web/Clabki2/clabki/server/vendor/autoload.php' (include_path='.:/usr/share/php') in /home/morion/Documents/Development/Software/Web/Clabki2/clabki/server/register.php on line 7
[13-Mar-2018 13:14:30 America/New_York] PHP Warning:  require_once(/home/morion/Documents/Development/Software/Web/Clabki2/clabki/server/vendor/autoload.php): failed to open stream: No such file or directory in /home/morion/Documents/Development/Software/Web/Clabki2/clabki/server/register.php on line 7
[13-Mar-2018 13:14:30 America/New_York] PHP Fatal error:  require_once(): Failed opening required '/home/morion/Documents/Development/Software/Web/Clabki2/clabki/server/vendor/autoload.php' (include_path='.:/usr/share/php') in /home/morion/Documents/Development/Software/Web/Clabki2/clabki/server/register.php on line 7
[13-Mar-2018 13:14:32 America/New_York] PHP Warning:  require_once(/home/morion/Documents/Development/Software/Web/Clabki2/clabki/server/vendor/autoload.php): failed to open stream: No such file or directory in /home/morion/Documents/Development/Software/Web/Clabki2/clabki/server/register.php on line 7
[13-Mar-2018 13:14:32 America/New_York] PHP Fatal error:  require_once(): Failed opening required '/home/morion/Documents/Development/Software/Web/Clabki2/clabki/server/vendor/autoload.php' (include_path='.:/usr/share/php') in /home/morion/Documents/Development/Software/Web/Clabki2/clabki/server/register.php on line 7
[13-Mar-2018 13:14:33 America/New_York] PHP Warning:  require_once(/home/morion/Documents/Development/Software/Web/Clabki2/clabki/server/vendor/autoload.php): failed to open stream: No such file or directory in /home/morion/Documents/Development/Software/Web/Clabki2/clabki/server/register.php on line 7
[13-Mar-2018 13:14:33 America/New_York] PHP Fatal error:  require_once(): Failed opening required '/home/morion/Documents/Development/Software/Web/Clabki2/clabki/server/vendor/autoload.php' (include_path='.:/usr/share/php') in /home/morion/Documents/Development/Software/Web/Clabki2/clabki/server/register.php on line 7
[13-Mar-2018 13:14:33 America/New_York] PHP Warning:  require_once(/home/morion/Documents/Development/Software/Web/Clabki2/clabki/server/vendor/autoload.php): failed to open stream: No such file or directory in /home/morion/Documents/Development/Software/Web/Clabki2/clabki/server/register.php on line 7
[13-Mar-2018 13:14:33 America/New_York] PHP Fatal error:  require_once(): Failed opening required '/home/morion/Documents/Development/Software/Web/Clabki2/clabki/server/vendor/autoload.php' (include_path='.:/usr/share/php') in /home/morion/Documents/Development/Software/Web/Clabki2/clabki/server/register.php on line 7
[13-Mar-2018 13:14:34 America/New_York] PHP Warning:  require_once(/home/morion/Documents/Development/Software/Web/Clabki2/clabki/server/vendor/autoload.php): failed to open stream: No such file or directory in /home/morion/Documents/Development/Software/Web/Clabki2/clabki/server/register.php on line 7
[13-Mar-2018 13:14:34 America/New_York] PHP Fatal error:  require_once(): Failed opening required '/home/morion/Documents/Development/Software/Web/Clabki2/clabki/server/vendor/autoload.php' (include_path='.:/usr/share/php') in /home/morion/Documents/Development/Software/Web/Clabki2/clabki/server/register.php on line 7
[13-Mar-2018 13:14:36 America/New_York] PHP Warning:  require_once(/home/morion/Documents/Development/Software/Web/Clabki2/clabki/server/vendor/autoload.php): failed to open stream: No such file or directory in /home/morion/Documents/Development/Software/Web/Clabki2/clabki/server/register.php on line 7
[13-Mar-2018 13:14:36 America/New_York] PHP Fatal error:  require_once(): Failed opening required '/home/morion/Documents/Development/Software/Web/Clabki2/clabki/server/vendor/autoload.php' (include_path='.:/usr/share/php') in /home/morion/Documents/Development/Software/Web/Clabki2/clabki/server/register.php on line 7
[23-May-2018 01:01:20 America/New_York] PHP Warning:  mysqli::__construct(): (HY000/1045): Access denied for user 'u840748033_clab'@'localhost' (using password: YES) in /home/morion/Documents/Development/Software/Web/Clabki2/clabki/server/dbconnection.php on line 14
[23-May-2018 01:01:20 America/New_York] PHP Fatal error:  Uncaught Exception: Connection failed: Access denied for user 'u840748033_clab'@'localhost' (using password: YES) in /home/morion/Documents/Development/Software/Web/Clabki2/clabki/server/dbconnection.php:18
Stack trace:
#0 /home/morion/Documents/Development/Software/Web/Clabki2/clabki/server/processDoubtsAccess.php(9): DatabaseConnection->__construct()
#1 {main}
  thrown in /home/morion/Documents/Development/Software/Web/Clabki2/clabki/server/dbconnection.php on line 18
[23-May-2018 16:27:48 America/New_York] PHP Warning:  mysqli::__construct(): (HY000/1045): Access denied for user 'u840748033_clab'@'localhost' (using password: YES) in /home/morion/Documents/Development/Software/Web/Clabki2/clabki/server/dbconnection.php on line 14
[23-May-2018 16:27:49 America/New_York] PHP Fatal error:  Uncaught Exception: Connection failed: Access denied for user 'u840748033_clab'@'localhost' (using password: YES) in /home/morion/Documents/Development/Software/Web/Clabki2/clabki/server/dbconnection.php:18
Stack trace:
#0 /home/morion/Documents/Development/Software/Web/Clabki2/clabki/index.php(8): DatabaseConnection->__construct()
#1 {main}
  thrown in /home/morion/Documents/Development/Software/Web/Clabki2/clabki/server/dbconnection.php on line 18
[02-Jun-2019 18:32:06 America/New_York] PHP Fatal error:  Uncaught Error: Class 'mysqli' not found in /home/miguel/Documents/Clabki/clabki_promote/server/dbconnection.php:3
Stack trace:
#0 /home/miguel/Documents/Clabki/clabki_promote/server/register.php(8): require_once()
#1 {main}
  thrown in /home/miguel/Documents/Clabki/clabki_promote/server/dbconnection.php on line 3
[02-Jun-2019 18:51:02 America/New_York] PHP Fatal error:  Uncaught Error: Class 'mysqli' not found in /home/miguel/Documents/Clabki/clabki_promote/server/dbconnection.php:3
Stack trace:
#0 /home/miguel/Documents/Clabki/clabki_promote/server/register.php(8): require_once()
#1 {main}
  thrown in /home/miguel/Documents/Clabki/clabki_promote/server/dbconnection.php on line 3
[02-Jun-2019 18:51:44 America/New_York] PHP Fatal error:  Uncaught Error: Class 'mysqli' not found in /home/miguel/Documents/Clabki/clabki_promote/server/dbconnection.php:3
Stack trace:
#0 /home/miguel/Documents/Clabki/clabki_promote/server/register.php(8): require_once()
#1 {main}
  thrown in /home/miguel/Documents/Clabki/clabki_promote/server/dbconnection.php on line 3
[12-Mar-2020 15:34:31 America/New_York] PHP Warning:  mysqli::__construct(): (HY000/1045): Access denied for user 'u840748033_clab'@'localhost' (using password: YES) in /home/miguel/Documents/Clabki/clabki_promote/server/dbconnection.php on line 14
[12-Mar-2020 15:34:31 America/New_York] PHP Fatal error:  Uncaught Exception: Connection failed: Access denied for user 'u840748033_clab'@'localhost' (using password: YES) in /home/miguel/Documents/Clabki/clabki_promote/server/dbconnection.php:18
Stack trace:
#0 /home/miguel/Documents/Clabki/clabki_promote/server/register.php(10): DatabaseConnection->__construct()
#1 {main}
  thrown in /home/miguel/Documents/Clabki/clabki_promote/server/dbconnection.php on line 18
[12-Mar-2020 15:37:32 America/New_York] PHP Warning:  mysqli::__construct(): (HY000/1045): Access denied for user 'u840748033_clab'@'localhost' (using password: YES) in /home/miguel/Documents/Clabki/clabki_promote/server/dbconnection.php on line 14
[12-Mar-2020 15:37:32 America/New_York] PHP Fatal error:  Uncaught Exception: Connection failed: Access denied for user 'u840748033_clab'@'localhost' (using password: YES) in /home/miguel/Documents/Clabki/clabki_promote/server/dbconnection.php:18
Stack trace:
#0 /home/miguel/Documents/Clabki/clabki_promote/server/register.php(10): DatabaseConnection->__construct()
#1 {main}
  thrown in /home/miguel/Documents/Clabki/clabki_promote/server/dbconnection.php on line 18
[12-Mar-2020 18:22:45 America/New_York] PHP Warning:  mysqli::__construct(): (HY000/1049): Unknown database 'registro_ventas_clabki' in /home/miguel/Documents/Clabki/clabki_promote/server/dbconnection.php on line 15
[12-Mar-2020 18:22:45 America/New_York] PHP Fatal error:  Uncaught Exception: Connection failed: Unknown database 'registro_ventas_clabki' in /home/miguel/Documents/Clabki/clabki_promote/server/dbconnection.php:19
Stack trace:
#0 /home/miguel/Documents/Clabki/clabki_promote/server/register.php(10): DatabaseConnection->__construct()
#1 {main}
  thrown in /home/miguel/Documents/Clabki/clabki_promote/server/dbconnection.php on line 19
[12-Mar-2020 18:25:17 America/New_York] No se pudieron almacenar los datos: Data truncated for column 'plan' at row 1
